2019-09-21 11:18:31,654 [Worker-1: Loading available Gradle versions] INFO  o.e.b.c.i.u.g.PublishedGradleVersions - Gradle version information cache is up-to-date. Trying to read.
2019-09-21 11:19:50,766 [Worker-10: Building workspace] INFO  o.e.m.c.i.l.LifecycleMappingFactory - Using org.eclipse.m2e.jdt.JarLifecycleMapping lifecycle mapping for MavenProject: com.minhjBitcamp:oracleTest4:0.0.1-SNAPSHOT @ D:\잡동사니\minsu\demo\pom.xml.
2019-09-21 11:19:52,264 [Worker-10: Building workspace] INFO  o.e.m.c.i.embedder.EclipseLogger - Using 'UTF-8' encoding to copy filtered resources.
2019-09-21 11:19:52,268 [Worker-10: Building workspace] INFO  o.e.m.c.i.embedder.EclipseLogger - Copying 1 resource
2019-09-21 11:19:52,282 [Worker-10: Building workspace] INFO  o.e.m.c.i.embedder.EclipseLogger - Copying 1 resource
2019-09-21 11:19:52,291 [Worker-10: Building workspace] INFO  o.e.m.c.i.embedder.EclipseLogger - Using 'UTF-8' encoding to copy filtered resources.
2019-09-21 11:19:52,291 [Worker-10: Building workspace] INFO  o.e.m.c.i.embedder.EclipseLogger - skip non existing resourceDirectory D:\잡동사니\minsu\demo\src\test\resources
2019-09-21 11:19:53,980 [Worker-3: Updating Maven Dependencies] INFO  o.e.m.c.i.l.LifecycleMappingFactory - Using org.eclipse.m2e.jdt.JarLifecycleMapping lifecycle mapping for MavenProject: com.minhjBitcamp:oracleTest4:0.0.1-SNAPSHOT @ D:\잡동사니\minsu\demo\pom.xml.
2019-09-21 11:19:53,987 [Worker-10: Building workspace] INFO  o.e.m.c.i.embedder.EclipseLogger - Using 'UTF-8' encoding to copy filtered resources.
2019-09-21 11:19:53,992 [Worker-10: Building workspace] INFO  o.e.m.c.i.embedder.EclipseLogger - Copying 1 resource
2019-09-21 11:19:54,003 [Worker-10: Building workspace] INFO  o.e.m.c.i.embedder.EclipseLogger - Copying 1 resource
2019-09-21 11:19:54,010 [Worker-10: Building workspace] INFO  o.e.m.c.i.embedder.EclipseLogger - Using 'UTF-8' encoding to copy filtered resources.
2019-09-21 11:19:54,010 [Worker-10: Building workspace] INFO  o.e.m.c.i.embedder.EclipseLogger - skip non existing resourceDirectory D:\잡동사니\minsu\demo\src\test\resources
2019-09-21 11:19:55,147 [Worker-1: Building workspace] INFO  o.e.m.c.i.embedder.EclipseLogger - Using 'UTF-8' encoding to copy filtered resources.
2019-09-21 11:19:55,148 [Worker-1: Building workspace] INFO  o.e.m.c.i.embedder.EclipseLogger - Copying 0 resource
2019-09-21 11:19:55,148 [Worker-1: Building workspace] INFO  o.e.m.c.i.embedder.EclipseLogger - Copying 0 resource
2019-09-21 11:19:55,149 [Worker-1: Building workspace] INFO  o.e.m.c.i.embedder.EclipseLogger - Using 'UTF-8' encoding to copy filtered resources.
2019-09-21 11:19:55,150 [Worker-1: Building workspace] INFO  o.e.m.c.i.embedder.EclipseLogger - skip non existing resourceDirectory D:\잡동사니\minsu\demo\src\test\resources
2019-09-21 11:20:11,955 [Worker-12: Launching Executing clean in D__잡동사니_minsu_demo] INFO  o.e.m.i.launch.MavenLaunchDelegate - D:\잡동사니\minsu\demo
2019-09-21 11:20:11,956 [Worker-12: Launching Executing clean in D__잡동사니_minsu_demo] INFO  o.e.m.i.launch.MavenLaunchDelegate -  mvn -Ppom.xml -B clean
2019-09-21 11:20:14,217 [Worker-1: Building workspace] INFO  o.e.m.c.i.embedder.EclipseLogger - Using 'UTF-8' encoding to copy filtered resources.
2019-09-21 11:20:14,218 [Worker-1: Building workspace] INFO  o.e.m.c.i.embedder.EclipseLogger - Copying 1 resource
2019-09-21 11:20:14,220 [Worker-1: Building workspace] INFO  o.e.m.c.i.embedder.EclipseLogger - Copying 1 resource
2019-09-21 11:20:14,224 [Worker-1: Building workspace] INFO  o.e.m.c.i.embedder.EclipseLogger - Using 'UTF-8' encoding to copy filtered resources.
2019-09-21 11:20:14,224 [Worker-1: Building workspace] INFO  o.e.m.c.i.embedder.EclipseLogger - skip non existing resourceDirectory D:\잡동사니\minsu\demo\src\test\resources
2019-09-21 11:20:19,781 [Worker-1: Launching Executing test in D__잡동사니_minsu_demo] INFO  o.e.m.i.launch.MavenLaunchDelegate - D:\잡동사니\minsu\demo
2019-09-21 11:20:19,782 [Worker-1: Launching Executing test in D__잡동사니_minsu_demo] INFO  o.e.m.i.launch.MavenLaunchDelegate -  mvn -Ppom.xml -B test
2019-09-21 11:20:52,278 [Worker-3: Building workspace] INFO  o.e.m.c.i.embedder.EclipseLogger - Using 'UTF-8' encoding to copy filtered resources.
2019-09-21 11:20:52,280 [Worker-3: Building workspace] INFO  o.e.m.c.i.embedder.EclipseLogger - Copying 1 resource
2019-09-21 11:20:52,283 [Worker-3: Building workspace] INFO  o.e.m.c.i.embedder.EclipseLogger - Copying 1 resource
2019-09-21 11:20:52,287 [Worker-3: Building workspace] INFO  o.e.m.c.i.embedder.EclipseLogger - Using 'UTF-8' encoding to copy filtered resources.
2019-09-21 11:20:52,287 [Worker-3: Building workspace] INFO  o.e.m.c.i.embedder.EclipseLogger - skip non existing resourceDirectory D:\잡동사니\minsu\demo\src\test\resources
2019-09-21 11:21:21,135 [main] INFO  o.e.m2e.actions.ExecutePomAction - Creating new launch configuration
2019-09-21 11:21:59,382 [Worker-8: Launching Executing install in D__잡동사니_minsu_demo] INFO  o.e.m.i.launch.MavenLaunchDelegate - D:\잡동사니\minsu\demo
2019-09-21 11:21:59,383 [Worker-8: Launching Executing install in D__잡동사니_minsu_demo] INFO  o.e.m.i.launch.MavenLaunchDelegate -  mvn -Ppom.xml -B install
2019-09-21 11:22:53,369 [Worker-13: Building workspace] INFO  o.e.m.c.i.embedder.EclipseLogger - Using 'UTF-8' encoding to copy filtered resources.
2019-09-21 11:22:53,370 [Worker-13: Building workspace] INFO  o.e.m.c.i.embedder.EclipseLogger - Copying 1 resource
2019-09-21 11:22:53,373 [Worker-13: Building workspace] INFO  o.e.m.c.i.embedder.EclipseLogger - Copying 1 resource
2019-09-21 11:22:53,377 [Worker-13: Building workspace] INFO  o.e.m.c.i.embedder.EclipseLogger - Using 'UTF-8' encoding to copy filtered resources.
2019-09-21 11:22:53,377 [Worker-13: Building workspace] INFO  o.e.m.c.i.embedder.EclipseLogger - skip non existing resourceDirectory D:\잡동사니\minsu\demo\src\test\resources
2019-09-21 11:23:20,927 [Worker-7: Launching Executing clean in D__잡동사니_minsu_demo] INFO  o.e.m.i.launch.MavenLaunchDelegate - D:\잡동사니\minsu\demo
2019-09-21 11:23:20,927 [Worker-7: Launching Executing clean in D__잡동사니_minsu_demo] INFO  o.e.m.i.launch.MavenLaunchDelegate -  mvn -Ppom.xml -B clean
2019-09-21 11:23:23,250 [Worker-10: Building workspace] INFO  o.e.m.c.i.embedder.EclipseLogger - Using 'UTF-8' encoding to copy filtered resources.
2019-09-21 11:23:23,251 [Worker-10: Building workspace] INFO  o.e.m.c.i.embedder.EclipseLogger - Copying 1 resource
2019-09-21 11:23:23,253 [Worker-10: Building workspace] INFO  o.e.m.c.i.embedder.EclipseLogger - Copying 1 resource
2019-09-21 11:23:23,259 [Worker-10: Building workspace] INFO  o.e.m.c.i.embedder.EclipseLogger - Using 'UTF-8' encoding to copy filtered resources.
2019-09-21 11:23:23,259 [Worker-10: Building workspace] INFO  o.e.m.c.i.embedder.EclipseLogger - skip non existing resourceDirectory D:\잡동사니\minsu\demo\src\test\resources
2019-09-21 11:23:51,487 [Worker-1: Building workspace] INFO  o.e.m.c.i.embedder.EclipseLogger - Using 'UTF-8' encoding to copy filtered resources.
2019-09-21 11:23:51,488 [Worker-1: Building workspace] INFO  o.e.m.c.i.embedder.EclipseLogger - Copying 0 resource
2019-09-21 11:23:51,488 [Worker-1: Building workspace] INFO  o.e.m.c.i.embedder.EclipseLogger - Copying 0 resource
2019-09-21 11:23:51,492 [Worker-1: Building workspace] INFO  o.e.m.c.i.embedder.EclipseLogger - Using 'UTF-8' encoding to copy filtered resources.
2019-09-21 11:23:51,492 [Worker-1: Building workspace] INFO  o.e.m.c.i.embedder.EclipseLogger - skip non existing resourceDirectory D:\잡동사니\minsu\demo\src\test\resources
2019-09-21 11:24:01,112 [Worker-15: Building workspace] INFO  o.e.m.c.i.embedder.EclipseLogger - Using 'UTF-8' encoding to copy filtered resources.
2019-09-21 11:24:01,112 [Worker-15: Building workspace] INFO  o.e.m.c.i.embedder.EclipseLogger - Copying 0 resource
2019-09-21 11:24:01,112 [Worker-15: Building workspace] INFO  o.e.m.c.i.embedder.EclipseLogger - Copying 0 resource
2019-09-21 11:24:01,115 [Worker-15: Building workspace] INFO  o.e.m.c.i.embedder.EclipseLogger - Using 'UTF-8' encoding to copy filtered resources.
2019-09-21 11:24:01,115 [Worker-15: Building workspace] INFO  o.e.m.c.i.embedder.EclipseLogger - skip non existing resourceDirectory D:\잡동사니\minsu\demo\src\test\resources
2019-09-21 11:24:16,644 [Worker-2: Building workspace] INFO  o.e.m.c.i.embedder.EclipseLogger - Using 'UTF-8' encoding to copy filtered resources.
2019-09-21 11:24:16,645 [Worker-2: Building workspace] INFO  o.e.m.c.i.embedder.EclipseLogger - Copying 1 resource
2019-09-21 11:24:16,647 [Worker-2: Building workspace] INFO  o.e.m.c.i.embedder.EclipseLogger - Copying 1 resource
2019-09-21 11:24:16,652 [Worker-2: Building workspace] INFO  o.e.m.c.i.embedder.EclipseLogger - Using 'UTF-8' encoding to copy filtered resources.
2019-09-21 11:24:16,652 [Worker-2: Building workspace] INFO  o.e.m.c.i.embedder.EclipseLogger - skip non existing resourceDirectory D:\잡동사니\minsu\demo\src\test\resources
2019-09-21 11:27:08,131 [Worker-8: Building workspace] INFO  o.e.m.c.i.embedder.EclipseLogger - Using 'UTF-8' encoding to copy filtered resources.
2019-09-21 11:27:08,133 [Worker-8: Building workspace] INFO  o.e.m.c.i.embedder.EclipseLogger - Copying 1 resource
2019-09-21 11:27:08,135 [Worker-8: Building workspace] INFO  o.e.m.c.i.embedder.EclipseLogger - Copying 0 resource
2019-09-21 11:27:08,136 [Worker-8: Building workspace] INFO  o.e.m.c.i.embedder.EclipseLogger - Using 'UTF-8' encoding to copy filtered resources.
2019-09-21 11:27:08,136 [Worker-8: Building workspace] INFO  o.e.m.c.i.embedder.EclipseLogger - skip non existing resourceDirectory D:\잡동사니\minsu\demo\src\test\resources
2019-09-21 11:39:44,895 [Worker-19: Building workspace] INFO  o.e.m.c.i.l.LifecycleMappingFactory - Using org.eclipse.m2e.jdt.JarLifecycleMapping lifecycle mapping for MavenProject: com.minhjBitcamp:oracleTest4:0.0.1-SNAPSHOT @ D:\잡동사니\minsu\demo\pom.xml.
2019-09-21 11:39:46,574 [Worker-19: Building workspace] INFO  o.e.m.c.i.e.AbstractTransferListenerAdapter - Downloading http://code.lds.org/nexus/content/groups/main-repo/org/springframework/boot/spring-boot-devtools/2.1.8.RELEASE/spring-boot-devtools-2.1.8.RELEASE.pom
2019-09-21 11:39:46,965 [Worker-19: Building workspace] INFO  o.e.m.c.i.e.AbstractTransferListenerAdapter - Downloaded http://code.lds.org/nexus/content/groups/main-repo/org/springframework/boot/spring-boot-devtools/2.1.8.RELEASE/spring-boot-devtools-2.1.8.RELEASE.pom
2019-09-21 11:39:47,729 [Worker-19: Building workspace] INFO  o.e.m.c.i.e.AbstractTransferListenerAdapter - Downloaded http://code.lds.org/nexus/content/groups/main-repo/org/apache/tomcat/embed/tomcat-embed-jasper/9.0.24/tomcat-embed-jasper-9.0.24.pom
2019-09-21 11:39:48,458 [Worker-19: Building workspace] INFO  o.e.m.c.i.e.AbstractTransferListenerAdapter - Downloading http://maven.icm.edu.pl/artifactory/repo/org/apache/tomcat/embed/tomcat-embed-jasper/9.0.24/tomcat-embed-jasper-9.0.24.pom
2019-09-21 11:39:48,792 [Worker-19: Building workspace] INFO  o.e.m.c.i.e.AbstractTransferListenerAdapter - Downloaded http://maven.icm.edu.pl/artifactory/repo/org/apache/tomcat/embed/tomcat-embed-jasper/9.0.24/tomcat-embed-jasper-9.0.24.pom
2019-09-21 11:39:49,467 [Worker-19: Building workspace] INFO  o.e.m.c.i.e.AbstractTransferListenerAdapter - Downloaded http://code.lds.org/nexus/content/groups/main-repo/org/eclipse/jdt/ecj/3.18.0/ecj-3.18.0.pom
2019-09-21 11:39:49,839 [Worker-19: Building workspace] INFO  o.e.m.c.i.e.AbstractTransferListenerAdapter - Downloading http://maven.icm.edu.pl/artifactory/repo/org/eclipse/jdt/ecj/3.18.0/ecj-3.18.0.pom
2019-09-21 11:39:50,173 [Worker-19: Building workspace] INFO  o.e.m.c.i.e.AbstractTransferListenerAdapter - Downloaded http://maven.icm.edu.pl/artifactory/repo/org/eclipse/jdt/ecj/3.18.0/ecj-3.18.0.pom
2019-09-21 11:39:51,139 [Worker-19: Building workspace] INFO  o.e.m.c.i.e.AbstractTransferListenerAdapter - Downloading http://code.lds.org/nexus/content/groups/main-repo/org/springframework/boot/spring-boot-devtools/2.1.8.RELEASE/spring-boot-devtools-2.1.8.RELEASE.jar
2019-09-21 11:39:52,440 [Worker-19: Building workspace] INFO  o.e.m.c.i.e.AbstractTransferListenerAdapter - Downloaded http://code.lds.org/nexus/content/groups/main-repo/org/springframework/boot/spring-boot-devtools/2.1.8.RELEASE/spring-boot-devtools-2.1.8.RELEASE.jar
2019-09-21 11:39:53,103 [Worker-19: Building workspace] INFO  o.e.m.c.i.e.AbstractTransferListenerAdapter - Downloaded http://code.lds.org/nexus/content/groups/main-repo/org/apache/tomcat/embed/tomcat-embed-jasper/9.0.24/tomcat-embed-jasper-9.0.24.jar
2019-09-21 11:39:53,498 [Worker-19: Building workspace] INFO  o.e.m.c.i.e.AbstractTransferListenerAdapter - Downloaded http://code.lds.org/nexus/content/groups/main-repo/org/apache/tomcat/tomcat-annotations-api/9.0.24/tomcat-annotations-api-9.0.24.jar
2019-09-21 11:39:54,169 [Worker-19: Building workspace] INFO  o.e.m.c.i.e.AbstractTransferListenerAdapter - Downloaded http://code.lds.org/nexus/content/groups/main-repo/org/eclipse/jdt/ecj/3.18.0/ecj-3.18.0.jar
2019-09-21 11:39:54,845 [Worker-19: Building workspace] INFO  o.e.m.c.i.e.AbstractTransferListenerAdapter - Downloading http://maven.icm.edu.pl/artifactory/repo/org/apache/tomcat/embed/tomcat-embed-jasper/9.0.24/tomcat-embed-jasper-9.0.24.jar
2019-09-21 11:39:57,725 [Worker-19: Building workspace] INFO  o.e.m.c.i.e.AbstractTransferListenerAdapter - Downloaded http://maven.icm.edu.pl/artifactory/repo/org/apache/tomcat/embed/tomcat-embed-jasper/9.0.24/tomcat-embed-jasper-9.0.24.jar
2019-09-21 11:39:58,133 [Worker-19: Building workspace] INFO  o.e.m.c.i.e.AbstractTransferListenerAdapter - Downloading http://maven.icm.edu.pl/artifactory/repo/org/apache/tomcat/tomcat-annotations-api/9.0.24/tomcat-annotations-api-9.0.24.jar
2019-09-21 11:39:59,099 [Worker-19: Building workspace] INFO  o.e.m.c.i.e.AbstractTransferListenerAdapter - Downloaded http://maven.icm.edu.pl/artifactory/repo/org/apache/tomcat/tomcat-annotations-api/9.0.24/tomcat-annotations-api-9.0.24.jar
2019-09-21 11:39:59,462 [Worker-19: Building workspace] INFO  o.e.m.c.i.e.AbstractTransferListenerAdapter - Downloading http://maven.icm.edu.pl/artifactory/repo/org/eclipse/jdt/ecj/3.18.0/ecj-3.18.0.jar
2019-09-21 11:40:07,855 [Worker-19: Building workspace] INFO  o.e.m.c.i.e.AbstractTransferListenerAdapter - Downloaded http://maven.icm.edu.pl/artifactory/repo/org/eclipse/jdt/ecj/3.18.0/ecj-3.18.0.jar
2019-09-21 11:40:10,243 [Worker-19: Building workspace] INFO  o.e.m.c.i.embedder.EclipseLogger - Using 'UTF-8' encoding to copy filtered resources.
2019-09-21 11:40:10,245 [Worker-19: Building workspace] INFO  o.e.m.c.i.embedder.EclipseLogger - Copying 0 resource
2019-09-21 11:40:10,246 [Worker-19: Building workspace] INFO  o.e.m.c.i.embedder.EclipseLogger - Copying 0 resource
2019-09-21 11:40:10,248 [Worker-19: Building workspace] INFO  o.e.m.c.i.embedder.EclipseLogger - Using 'UTF-8' encoding to copy filtered resources.
2019-09-21 11:40:10,248 [Worker-19: Building workspace] INFO  o.e.m.c.i.embedder.EclipseLogger - skip non existing resourceDirectory D:\잡동사니\minsu\demo\src\test\resources
2019-09-21 11:40:10,932 [Worker-21: Building workspace] INFO  o.e.m.c.i.embedder.EclipseLogger - Using 'UTF-8' encoding to copy filtered resources.
2019-09-21 11:40:10,933 [Worker-21: Building workspace] INFO  o.e.m.c.i.embedder.EclipseLogger - Copying 1 resource
2019-09-21 11:40:10,951 [Worker-21: Building workspace] INFO  o.e.m.c.i.embedder.EclipseLogger - Copying 1 resource
2019-09-21 11:40:10,959 [Worker-21: Building workspace] INFO  o.e.m.c.i.embedder.EclipseLogger - Using 'UTF-8' encoding to copy filtered resources.
2019-09-21 11:40:10,959 [Worker-21: Building workspace] INFO  o.e.m.c.i.embedder.EclipseLogger - skip non existing resourceDirectory D:\잡동사니\minsu\demo\src\test\resources
2019-09-21 11:40:12,130 [Worker-12: Download sources and javadoc] INFO  o.e.m.c.i.e.AbstractTransferListenerAdapter - Downloading http://code.lds.org/nexus/content/groups/main-repo/org/springframework/boot/spring-boot-devtools/2.1.8.RELEASE/spring-boot-devtools-2.1.8.RELEASE-sources.jar
2019-09-21 11:40:13,806 [Worker-12: Download sources and javadoc] INFO  o.e.m.c.i.e.AbstractTransferListenerAdapter - Downloaded http://code.lds.org/nexus/content/groups/main-repo/org/springframework/boot/spring-boot-devtools/2.1.8.RELEASE/spring-boot-devtools-2.1.8.RELEASE-sources.jar
2019-09-21 11:40:13,957 [Worker-12: Download sources and javadoc] INFO  o.e.m.j.internal.DownloadSourcesJob - Downloaded sources for org.springframework.boot:spring-boot-devtools:2.1.8.RELEASE
2019-09-21 11:40:14,622 [Worker-12: Download sources and javadoc] INFO  o.e.m.c.i.e.AbstractTransferListenerAdapter - Downloaded http://code.lds.org/nexus/content/groups/main-repo/org/apache/tomcat/embed/tomcat-embed-jasper/9.0.24/tomcat-embed-jasper-9.0.24-sources.jar
2019-09-21 11:40:15,326 [Worker-12: Download sources and javadoc] INFO  o.e.m.c.i.e.AbstractTransferListenerAdapter - Downloading http://maven.icm.edu.pl/artifactory/repo/org/apache/tomcat/embed/tomcat-embed-jasper/9.0.24/tomcat-embed-jasper-9.0.24-sources.jar
2019-09-21 11:40:17,893 [Worker-19: Building workspace] INFO  o.e.m.c.i.l.LifecycleMappingFactory - Using org.eclipse.m2e.jdt.JarLifecycleMapping lifecycle mapping for MavenProject: com.minhjBitcamp:oracleTest4:0.0.1-SNAPSHOT @ D:\잡동사니\minsu\demo\pom.xml.
2019-09-21 11:40:18,182 [Worker-12: Download sources and javadoc] INFO  o.e.m.c.i.e.AbstractTransferListenerAdapter - Downloaded http://maven.icm.edu.pl/artifactory/repo/org/apache/tomcat/embed/tomcat-embed-jasper/9.0.24/tomcat-embed-jasper-9.0.24-sources.jar
2019-09-21 11:40:18,371 [Worker-12: Download sources and javadoc] INFO  o.e.m.j.internal.DownloadSourcesJob - Downloaded sources for org.apache.tomcat.embed:tomcat-embed-jasper:9.0.24
2019-09-21 11:40:18,930 [Worker-19: Building workspace] INFO  o.e.m.c.i.embedder.EclipseLogger - Using 'UTF-8' encoding to copy filtered resources.
2019-09-21 11:40:18,932 [Worker-19: Building workspace] INFO  o.e.m.c.i.embedder.EclipseLogger - Copying 0 resource
2019-09-21 11:40:18,932 [Worker-19: Building workspace] INFO  o.e.m.c.i.embedder.EclipseLogger - Copying 0 resource
2019-09-21 11:40:18,934 [Worker-19: Building workspace] INFO  o.e.m.c.i.embedder.EclipseLogger - Using 'UTF-8' encoding to copy filtered resources.
2019-09-21 11:40:18,934 [Worker-19: Building workspace] INFO  o.e.m.c.i.embedder.EclipseLogger - skip non existing resourceDirectory D:\잡동사니\minsu\demo\src\test\resources
2019-09-21 11:40:19,003 [Worker-12: Download sources and javadoc] INFO  o.e.m.c.i.e.AbstractTransferListenerAdapter - Downloaded http://code.lds.org/nexus/content/groups/main-repo/org/apache/tomcat/tomcat-annotations-api/9.0.24/tomcat-annotations-api-9.0.24-sources.jar
2019-09-21 11:40:19,361 [Worker-12: Download sources and javadoc] INFO  o.e.m.c.i.e.AbstractTransferListenerAdapter - Downloading http://maven.icm.edu.pl/artifactory/repo/org/apache/tomcat/tomcat-annotations-api/9.0.24/tomcat-annotations-api-9.0.24-sources.jar
2019-09-21 11:40:19,730 [Worker-12: Download sources and javadoc] INFO  o.e.m.c.i.e.AbstractTransferListenerAdapter - Downloaded http://maven.icm.edu.pl/artifactory/repo/org/apache/tomcat/tomcat-annotations-api/9.0.24/tomcat-annotations-api-9.0.24-sources.jar
2019-09-21 11:40:19,857 [Worker-12: Download sources and javadoc] INFO  o.e.m.j.internal.DownloadSourcesJob - Downloaded sources for org.apache.tomcat:tomcat-annotations-api:9.0.24
2019-09-21 11:40:20,113 [Worker-17: Building workspace] INFO  o.e.m.c.i.embedder.EclipseLogger - Using 'UTF-8' encoding to copy filtered resources.
2019-09-21 11:40:20,113 [Worker-17: Building workspace] INFO  o.e.m.c.i.embedder.EclipseLogger - Copying 0 resource
2019-09-21 11:40:20,113 [Worker-17: Building workspace] INFO  o.e.m.c.i.embedder.EclipseLogger - Copying 0 resource
2019-09-21 11:40:20,116 [Worker-17: Building workspace] INFO  o.e.m.c.i.embedder.EclipseLogger - Using 'UTF-8' encoding to copy filtered resources.
2019-09-21 11:40:20,116 [Worker-17: Building workspace] INFO  o.e.m.c.i.embedder.EclipseLogger - skip non existing resourceDirectory D:\잡동사니\minsu\demo\src\test\resources
2019-09-21 11:40:20,522 [Worker-12: Download sources and javadoc] INFO  o.e.m.c.i.e.AbstractTransferListenerAdapter - Downloaded http://code.lds.org/nexus/content/groups/main-repo/org/eclipse/jdt/ecj/3.18.0/ecj-3.18.0-sources.jar
2019-09-21 11:40:20,865 [Worker-12: Download sources and javadoc] INFO  o.e.m.c.i.e.AbstractTransferListenerAdapter - Downloading http://maven.icm.edu.pl/artifactory/repo/org/eclipse/jdt/ecj/3.18.0/ecj-3.18.0-sources.jar
2019-09-21 11:40:25,318 [Worker-12: Download sources and javadoc] INFO  o.e.m.c.i.e.AbstractTransferListenerAdapter - Downloaded http://maven.icm.edu.pl/artifactory/repo/org/eclipse/jdt/ecj/3.18.0/ecj-3.18.0-sources.jar
2019-09-21 11:40:25,497 [Worker-12: Download sources and javadoc] INFO  o.e.m.j.internal.DownloadSourcesJob - Downloaded sources for org.eclipse.jdt:ecj:3.18.0
2019-09-21 11:40:25,884 [Worker-12: Download sources and javadoc] INFO  o.e.m.c.i.e.AbstractTransferListenerAdapter - Downloaded http://code.lds.org/nexus/content/groups/main-repo/org/springframework/boot/spring-boot-starter-jdbc/2.1.8.RELEASE/spring-boot-starter-jdbc-2.1.8.RELEASE-sources.jar
2019-09-21 11:40:26,215 [Worker-12: Download sources and javadoc] INFO  o.e.m.c.i.e.AbstractTransferListenerAdapter - Downloading http://maven.icm.edu.pl/artifactory/repo/org/springframework/boot/spring-boot-starter-jdbc/2.1.8.RELEASE/spring-boot-starter-jdbc-2.1.8.RELEASE-sources.jar
2019-09-21 11:40:26,549 [Worker-12: Download sources and javadoc] INFO  o.e.m.c.i.e.AbstractTransferListenerAdapter - Downloaded http://maven.icm.edu.pl/artifactory/repo/org/springframework/boot/spring-boot-starter-jdbc/2.1.8.RELEASE/spring-boot-starter-jdbc-2.1.8.RELEASE-sources.jar
2019-09-21 11:40:26,681 [Worker-12: Download sources and javadoc] INFO  o.e.m.j.internal.DownloadSourcesJob - Downloaded sources for org.springframework.boot:spring-boot-starter-jdbc:2.1.8.RELEASE
2019-09-21 11:40:27,080 [Worker-12: Download sources and javadoc] INFO  o.e.m.c.i.e.AbstractTransferListenerAdapter - Downloaded http://code.lds.org/nexus/content/groups/main-repo/org/springframework/boot/spring-boot-starter/2.1.8.RELEASE/spring-boot-starter-2.1.8.RELEASE-sources.jar
2019-09-21 11:40:27,409 [Worker-12: Download sources and javadoc] INFO  o.e.m.c.i.e.AbstractTransferListenerAdapter - Downloading http://maven.icm.edu.pl/artifactory/repo/org/springframework/boot/spring-boot-starter/2.1.8.RELEASE/spring-boot-starter-2.1.8.RELEASE-sources.jar
2019-09-21 11:40:27,741 [Worker-12: Download sources and javadoc] INFO  o.e.m.c.i.e.AbstractTransferListenerAdapter - Downloaded http://maven.icm.edu.pl/artifactory/repo/org/springframework/boot/spring-boot-starter/2.1.8.RELEASE/spring-boot-starter-2.1.8.RELEASE-sources.jar
2019-09-21 11:40:27,864 [Worker-12: Download sources and javadoc] INFO  o.e.m.j.internal.DownloadSourcesJob - Downloaded sources for org.springframework.boot:spring-boot-starter:2.1.8.RELEASE
2019-09-21 11:40:28,294 [Worker-12: Download sources and javadoc] INFO  o.e.m.c.i.e.AbstractTransferListenerAdapter - Downloaded http://code.lds.org/nexus/content/groups/main-repo/org/springframework/boot/spring-boot-starter-logging/2.1.8.RELEASE/spring-boot-starter-logging-2.1.8.RELEASE-sources.jar
2019-09-21 11:40:28,622 [Worker-12: Download sources and javadoc] INFO  o.e.m.c.i.e.AbstractTransferListenerAdapter - Downloading http://maven.icm.edu.pl/artifactory/repo/org/springframework/boot/spring-boot-starter-logging/2.1.8.RELEASE/spring-boot-starter-logging-2.1.8.RELEASE-sources.jar
2019-09-21 11:40:28,960 [Worker-12: Download sources and javadoc] INFO  o.e.m.c.i.e.AbstractTransferListenerAdapter - Downloaded http://maven.icm.edu.pl/artifactory/repo/org/springframework/boot/spring-boot-starter-logging/2.1.8.RELEASE/spring-boot-starter-logging-2.1.8.RELEASE-sources.jar
2019-09-21 11:40:29,089 [Worker-12: Download sources and javadoc] INFO  o.e.m.j.internal.DownloadSourcesJob - Downloaded sources for org.springframework.boot:spring-boot-starter-logging:2.1.8.RELEASE
2019-09-21 11:40:29,505 [Worker-12: Download sources and javadoc] INFO  o.e.m.c.i.e.AbstractTransferListenerAdapter - Downloaded http://code.lds.org/nexus/content/groups/main-repo/org/springframework/boot/spring-boot-starter-web/2.1.8.RELEASE/spring-boot-starter-web-2.1.8.RELEASE-sources.jar
2019-09-21 11:40:29,833 [Worker-12: Download sources and javadoc] INFO  o.e.m.c.i.e.AbstractTransferListenerAdapter - Downloading http://maven.icm.edu.pl/artifactory/repo/org/springframework/boot/spring-boot-starter-web/2.1.8.RELEASE/spring-boot-starter-web-2.1.8.RELEASE-sources.jar
2019-09-21 11:40:30,163 [Worker-12: Download sources and javadoc] INFO  o.e.m.c.i.e.AbstractTransferListenerAdapter - Downloaded http://maven.icm.edu.pl/artifactory/repo/org/springframework/boot/spring-boot-starter-web/2.1.8.RELEASE/spring-boot-starter-web-2.1.8.RELEASE-sources.jar
2019-09-21 11:40:30,297 [Worker-12: Download sources and javadoc] INFO  o.e.m.j.internal.DownloadSourcesJob - Downloaded sources for org.springframework.boot:spring-boot-starter-web:2.1.8.RELEASE
2019-09-21 11:40:30,692 [Worker-12: Download sources and javadoc] INFO  o.e.m.c.i.e.AbstractTransferListenerAdapter - Downloaded http://code.lds.org/nexus/content/groups/main-repo/org/springframework/boot/spring-boot-starter-json/2.1.8.RELEASE/spring-boot-starter-json-2.1.8.RELEASE-sources.jar
2019-09-21 11:40:31,024 [Worker-12: Download sources and javadoc] INFO  o.e.m.c.i.e.AbstractTransferListenerAdapter - Downloading http://maven.icm.edu.pl/artifactory/repo/org/springframework/boot/spring-boot-starter-json/2.1.8.RELEASE/spring-boot-starter-json-2.1.8.RELEASE-sources.jar
2019-09-21 11:40:31,357 [Worker-12: Download sources and javadoc] INFO  o.e.m.c.i.e.AbstractTransferListenerAdapter - Downloaded http://maven.icm.edu.pl/artifactory/repo/org/springframework/boot/spring-boot-starter-json/2.1.8.RELEASE/spring-boot-starter-json-2.1.8.RELEASE-sources.jar
2019-09-21 11:40:31,464 [Worker-12: Download sources and javadoc] INFO  o.e.m.j.internal.DownloadSourcesJob - Downloaded sources for org.springframework.boot:spring-boot-starter-json:2.1.8.RELEASE
2019-09-21 11:40:31,850 [Worker-12: Download sources and javadoc] INFO  o.e.m.c.i.e.AbstractTransferListenerAdapter - Downloaded http://code.lds.org/nexus/content/groups/main-repo/org/springframework/boot/spring-boot-starter-tomcat/2.1.8.RELEASE/spring-boot-starter-tomcat-2.1.8.RELEASE-sources.jar
2019-09-21 11:40:32,180 [Worker-12: Download sources and javadoc] INFO  o.e.m.c.i.e.AbstractTransferListenerAdapter - Downloading http://maven.icm.edu.pl/artifactory/repo/org/springframework/boot/spring-boot-starter-tomcat/2.1.8.RELEASE/spring-boot-starter-tomcat-2.1.8.RELEASE-sources.jar
2019-09-21 11:40:32,512 [Worker-12: Download sources and javadoc] INFO  o.e.m.c.i.e.AbstractTransferListenerAdapter - Downloaded http://maven.icm.edu.pl/artifactory/repo/org/springframework/boot/spring-boot-starter-tomcat/2.1.8.RELEASE/spring-boot-starter-tomcat-2.1.8.RELEASE-sources.jar
2019-09-21 11:40:32,639 [Worker-12: Download sources and javadoc] INFO  o.e.m.j.internal.DownloadSourcesJob - Downloaded sources for org.springframework.boot:spring-boot-starter-tomcat:2.1.8.RELEASE
2019-09-21 11:40:33,023 [Worker-12: Download sources and javadoc] INFO  o.e.m.c.i.e.AbstractTransferListenerAdapter - Downloaded http://code.lds.org/nexus/content/groups/main-repo/org/springframework/boot/spring-boot-starter-test/2.1.8.RELEASE/spring-boot-starter-test-2.1.8.RELEASE-sources.jar
2019-09-21 11:40:33,350 [Worker-12: Download sources and javadoc] INFO  o.e.m.c.i.e.AbstractTransferListenerAdapter - Downloading http://maven.icm.edu.pl/artifactory/repo/org/springframework/boot/spring-boot-starter-test/2.1.8.RELEASE/spring-boot-starter-test-2.1.8.RELEASE-sources.jar
2019-09-21 11:40:33,683 [Worker-12: Download sources and javadoc] INFO  o.e.m.c.i.e.AbstractTransferListenerAdapter - Downloaded http://maven.icm.edu.pl/artifactory/repo/org/springframework/boot/spring-boot-starter-test/2.1.8.RELEASE/spring-boot-starter-test-2.1.8.RELEASE-sources.jar
2019-09-21 11:40:33,797 [Worker-12: Download sources and javadoc] INFO  o.e.m.j.internal.DownloadSourcesJob - Downloaded sources for org.springframework.boot:spring-boot-starter-test:2.1.8.RELEASE
2019-09-21 11:40:34,176 [Worker-12: Building workspace] INFO  o.e.m.c.i.embedder.EclipseLogger - Using 'UTF-8' encoding to copy filtered resources.
2019-09-21 11:40:34,177 [Worker-12: Building workspace] INFO  o.e.m.c.i.embedder.EclipseLogger - Copying 0 resource
2019-09-21 11:40:34,177 [Worker-12: Building workspace] INFO  o.e.m.c.i.embedder.EclipseLogger - Copying 0 resource
2019-09-21 11:40:34,178 [Worker-12: Building workspace] INFO  o.e.m.c.i.embedder.EclipseLogger - Using 'UTF-8' encoding to copy filtered resources.
2019-09-21 11:40:34,178 [Worker-12: Building workspace] INFO  o.e.m.c.i.embedder.EclipseLogger - skip non existing resourceDirectory D:\잡동사니\minsu\demo\src\test\resources
2019-09-21 11:40:34,994 [Worker-10: Download sources and javadoc] INFO  o.e.m.j.internal.DownloadSourcesJob - Downloaded sources for org.apache.tomcat:tomcat-annotations-api:9.0.24
2019-09-21 11:40:34,999 [Worker-10: Download sources and javadoc] INFO  o.e.m.j.internal.DownloadSourcesJob - Downloaded sources for org.eclipse.jdt:ecj:3.18.0
2019-09-21 11:40:35,003 [Worker-10: Download sources and javadoc] INFO  o.e.m.j.internal.DownloadSourcesJob - Downloaded sources for org.springframework.boot:spring-boot-starter-jdbc:2.1.8.RELEASE
2019-09-21 11:40:35,006 [Worker-10: Download sources and javadoc] INFO  o.e.m.j.internal.DownloadSourcesJob - Downloaded sources for org.springframework.boot:spring-boot-starter:2.1.8.RELEASE
2019-09-21 11:40:35,009 [Worker-10: Download sources and javadoc] INFO  o.e.m.j.internal.DownloadSourcesJob - Downloaded sources for org.springframework.boot:spring-boot-starter-logging:2.1.8.RELEASE
2019-09-21 11:40:35,012 [Worker-10: Download sources and javadoc] INFO  o.e.m.j.internal.DownloadSourcesJob - Downloaded sources for org.springframework.boot:spring-boot-starter-web:2.1.8.RELEASE
2019-09-21 11:40:35,014 [Worker-10: Download sources and javadoc] INFO  o.e.m.j.internal.DownloadSourcesJob - Downloaded sources for org.springframework.boot:spring-boot-starter-json:2.1.8.RELEASE
2019-09-21 11:40:35,017 [Worker-10: Download sources and javadoc] INFO  o.e.m.j.internal.DownloadSourcesJob - Downloaded sources for org.springframework.boot:spring-boot-starter-tomcat:2.1.8.RELEASE
2019-09-21 11:40:35,020 [Worker-10: Download sources and javadoc] INFO  o.e.m.j.internal.DownloadSourcesJob - Downloaded sources for org.springframework.boot:spring-boot-starter-test:2.1.8.RELEASE
2019-09-21 11:40:35,291 [Worker-17: Building workspace] INFO  o.e.m.c.i.embedder.EclipseLogger - Using 'UTF-8' encoding to copy filtered resources.
2019-09-21 11:40:35,291 [Worker-17: Building workspace] INFO  o.e.m.c.i.embedder.EclipseLogger - Copying 0 resource
2019-09-21 11:40:35,292 [Worker-17: Building workspace] INFO  o.e.m.c.i.embedder.EclipseLogger - Copying 0 resource
2019-09-21 11:40:35,294 [Worker-17: Building workspace] INFO  o.e.m.c.i.embedder.EclipseLogger - Using 'UTF-8' encoding to copy filtered resources.
2019-09-21 11:40:35,294 [Worker-17: Building workspace] INFO  o.e.m.c.i.embedder.EclipseLogger - skip non existing resourceDirectory D:\잡동사니\minsu\demo\src\test\resources
2019-09-21 11:49:18,996 [Worker-17: Building workspace] INFO  o.e.m.c.i.embedder.EclipseLogger - Using 'UTF-8' encoding to copy filtered resources.
2019-09-21 11:49:18,996 [Worker-17: Building workspace] INFO  o.e.m.c.i.embedder.EclipseLogger - Copying 1 resource
2019-09-21 11:49:19,008 [Worker-17: Building workspace] INFO  o.e.m.c.i.embedder.EclipseLogger - Copying 1 resource
2019-09-21 11:49:19,010 [Worker-17: Building workspace] INFO  o.e.m.c.i.embedder.EclipseLogger - Using 'UTF-8' encoding to copy filtered resources.
2019-09-21 11:49:19,010 [Worker-17: Building workspace] INFO  o.e.m.c.i.embedder.EclipseLogger - skip non existing resourceDirectory D:\잡동사니\minsu\demo\src\test\resources
2019-09-21 11:55:59,617 [Worker-28: Building workspace] INFO  o.e.m.c.i.embedder.EclipseLogger - Using 'UTF-8' encoding to copy filtered resources.
2019-09-21 11:55:59,618 [Worker-28: Building workspace] INFO  o.e.m.c.i.embedder.EclipseLogger - Copying 1 resource
2019-09-21 11:55:59,620 [Worker-28: Building workspace] INFO  o.e.m.c.i.embedder.EclipseLogger - Copying 1 resource
2019-09-21 11:55:59,623 [Worker-28: Building workspace] INFO  o.e.m.c.i.embedder.EclipseLogger - Using 'UTF-8' encoding to copy filtered resources.
2019-09-21 11:55:59,623 [Worker-28: Building workspace] INFO  o.e.m.c.i.embedder.EclipseLogger - skip non existing resourceDirectory D:\잡동사니\minsu\demo\src\test\resources
2019-09-21 11:56:20,900 [Worker-30: Building workspace] INFO  o.e.m.c.i.embedder.EclipseLogger - Using 'UTF-8' encoding to copy filtered resources.
2019-09-21 11:56:20,901 [Worker-30: Building workspace] INFO  o.e.m.c.i.embedder.EclipseLogger - Copying 1 resource
2019-09-21 11:56:20,903 [Worker-30: Building workspace] INFO  o.e.m.c.i.embedder.EclipseLogger - Copying 1 resource
2019-09-21 11:56:20,905 [Worker-30: Building workspace] INFO  o.e.m.c.i.embedder.EclipseLogger - Using 'UTF-8' encoding to copy filtered resources.
2019-09-21 11:56:20,905 [Worker-30: Building workspace] INFO  o.e.m.c.i.embedder.EclipseLogger - skip non existing resourceDirectory D:\잡동사니\minsu\demo\src\test\resources
2019-09-21 12:01:07,762 [Worker-22: Building workspace] INFO  o.e.m.c.i.embedder.EclipseLogger - Using 'UTF-8' encoding to copy filtered resources.
2019-09-21 12:01:07,763 [Worker-22: Building workspace] INFO  o.e.m.c.i.embedder.EclipseLogger - Copying 1 resource
2019-09-21 12:01:07,766 [Worker-22: Building workspace] INFO  o.e.m.c.i.embedder.EclipseLogger - Copying 1 resource
2019-09-21 12:01:07,772 [Worker-22: Building workspace] INFO  o.e.m.c.i.embedder.EclipseLogger - Using 'UTF-8' encoding to copy filtered resources.
2019-09-21 12:01:07,772 [Worker-22: Building workspace] INFO  o.e.m.c.i.embedder.EclipseLogger - skip non existing resourceDirectory D:\잡동사니\minsu\demo\src\test\resources
2019-09-21 12:02:16,035 [Worker-22: Building workspace] INFO  o.e.m.c.i.embedder.EclipseLogger - Using 'UTF-8' encoding to copy filtered resources.
2019-09-21 12:02:16,036 [Worker-22: Building workspace] INFO  o.e.m.c.i.embedder.EclipseLogger - Copying 1 resource
2019-09-21 12:02:16,038 [Worker-22: Building workspace] INFO  o.e.m.c.i.embedder.EclipseLogger - Copying 1 resource
2019-09-21 12:02:16,041 [Worker-22: Building workspace] INFO  o.e.m.c.i.embedder.EclipseLogger - Using 'UTF-8' encoding to copy filtered resources.
2019-09-21 12:02:16,041 [Worker-22: Building workspace] INFO  o.e.m.c.i.embedder.EclipseLogger - skip non existing resourceDirectory D:\잡동사니\minsu\demo\src\test\resources
2019-09-21 12:06:14,669 [Worker-31: Building workspace] INFO  o.e.m.c.i.embedder.EclipseLogger - Using 'UTF-8' encoding to copy filtered resources.
2019-09-21 12:06:14,670 [Worker-31: Building workspace] INFO  o.e.m.c.i.embedder.EclipseLogger - Copying 1 resource
2019-09-21 12:06:14,671 [Worker-31: Building workspace] INFO  o.e.m.c.i.embedder.EclipseLogger - Copying 1 resource
2019-09-21 12:06:14,673 [Worker-31: Building workspace] INFO  o.e.m.c.i.embedder.EclipseLogger - Using 'UTF-8' encoding to copy filtered resources.
2019-09-21 12:06:14,673 [Worker-31: Building workspace] INFO  o.e.m.c.i.embedder.EclipseLogger - skip non existing resourceDirectory D:\잡동사니\minsu\demo\src\test\resources
2019-09-21 12:10:55,835 [Worker-35: Building workspace] INFO  o.e.m.c.i.embedder.EclipseLogger - Using 'UTF-8' encoding to copy filtered resources.
2019-09-21 12:10:55,835 [Worker-35: Building workspace] INFO  o.e.m.c.i.embedder.EclipseLogger - Copying 1 resource
2019-09-21 12:10:55,837 [Worker-35: Building workspace] INFO  o.e.m.c.i.embedder.EclipseLogger - Copying 0 resource
2019-09-21 12:10:55,840 [Worker-35: Building workspace] INFO  o.e.m.c.i.embedder.EclipseLogger - Using 'UTF-8' encoding to copy filtered resources.
2019-09-21 12:10:55,840 [Worker-35: Building workspace] INFO  o.e.m.c.i.embedder.EclipseLogger - skip non existing resourceDirectory D:\잡동사니\minsu\demo\src\test\resources
2019-09-21 12:13:35,694 [Worker-36: Building workspace] INFO  o.e.m.c.i.embedder.EclipseLogger - Using 'UTF-8' encoding to copy filtered resources.
2019-09-21 12:13:35,696 [Worker-36: Building workspace] INFO  o.e.m.c.i.embedder.EclipseLogger - Copying 1 resource
2019-09-21 12:13:35,699 [Worker-36: Building workspace] INFO  o.e.m.c.i.embedder.EclipseLogger - Copying 1 resource
2019-09-21 12:13:35,701 [Worker-36: Building workspace] INFO  o.e.m.c.i.embedder.EclipseLogger - Using 'UTF-8' encoding to copy filtered resources.
2019-09-21 12:13:35,702 [Worker-36: Building workspace] INFO  o.e.m.c.i.embedder.EclipseLogger - skip non existing resourceDirectory D:\잡동사니\minsu\demo\src\test\resources
2019-09-21 12:13:46,478 [Worker-36: Building workspace] INFO  o.e.m.c.i.embedder.EclipseLogger - Using 'UTF-8' encoding to copy filtered resources.
2019-09-21 12:13:46,480 [Worker-36: Building workspace] INFO  o.e.m.c.i.embedder.EclipseLogger - Copying 1 resource
2019-09-21 12:13:46,483 [Worker-36: Building workspace] INFO  o.e.m.c.i.embedder.EclipseLogger - Copying 1 resource
2019-09-21 12:13:46,486 [Worker-36: Building workspace] INFO  o.e.m.c.i.embedder.EclipseLogger - Using 'UTF-8' encoding to copy filtered resources.
2019-09-21 12:13:46,486 [Worker-36: Building workspace] INFO  o.e.m.c.i.embedder.EclipseLogger - skip non existing resourceDirectory D:\잡동사니\minsu\demo\src\test\resources
2019-09-21 12:14:04,634 [Worker-27: Building workspace] INFO  o.e.m.c.i.embedder.EclipseLogger - Using 'UTF-8' encoding to copy filtered resources.
2019-09-21 12:14:04,635 [Worker-27: Building workspace] INFO  o.e.m.c.i.embedder.EclipseLogger - Copying 1 resource
2019-09-21 12:14:04,638 [Worker-27: Building workspace] INFO  o.e.m.c.i.embedder.EclipseLogger - Copying 1 resource
2019-09-21 12:14:04,641 [Worker-27: Building workspace] INFO  o.e.m.c.i.embedder.EclipseLogger - Using 'UTF-8' encoding to copy filtered resources.
2019-09-21 12:14:04,641 [Worker-27: Building workspace] INFO  o.e.m.c.i.embedder.EclipseLogger - skip non existing resourceDirectory D:\잡동사니\minsu\demo\src\test\resources
2019-09-21 12:14:50,178 [Worker-29: Building workspace] INFO  o.e.m.c.i.embedder.EclipseLogger - Using 'UTF-8' encoding to copy filtered resources.
2019-09-21 12:14:50,179 [Worker-29: Building workspace] INFO  o.e.m.c.i.embedder.EclipseLogger - Copying 1 resource
2019-09-21 12:14:50,180 [Worker-29: Building workspace] INFO  o.e.m.c.i.embedder.EclipseLogger - Copying 1 resource
2019-09-21 12:14:50,181 [Worker-29: Building workspace] INFO  o.e.m.c.i.embedder.EclipseLogger - Using 'UTF-8' encoding to copy filtered resources.
2019-09-21 12:14:50,182 [Worker-29: Building workspace] INFO  o.e.m.c.i.embedder.EclipseLogger - skip non existing resourceDirectory D:\잡동사니\minsu\demo\src\test\resources
2019-09-21 12:15:38,512 [Worker-29: Building workspace] INFO  o.e.m.c.i.embedder.EclipseLogger - Using 'UTF-8' encoding to copy filtered resources.
2019-09-21 12:15:38,512 [Worker-29: Building workspace] INFO  o.e.m.c.i.embedder.EclipseLogger - Copying 1 resource
2019-09-21 12:15:38,513 [Worker-29: Building workspace] INFO  o.e.m.c.i.embedder.EclipseLogger - Copying 0 resource
2019-09-21 12:15:38,515 [Worker-29: Building workspace] INFO  o.e.m.c.i.embedder.EclipseLogger - Using 'UTF-8' encoding to copy filtered resources.
2019-09-21 12:15:38,515 [Worker-29: Building workspace] INFO  o.e.m.c.i.embedder.EclipseLogger - skip non existing resourceDirectory D:\잡동사니\minsu\demo\src\test\resources
2019-09-21 12:15:48,475 [Worker-29: Building workspace] INFO  o.e.m.c.i.embedder.EclipseLogger - Using 'UTF-8' encoding to copy filtered resources.
2019-09-21 12:15:48,476 [Worker-29: Building workspace] INFO  o.e.m.c.i.embedder.EclipseLogger - Copying 1 resource
2019-09-21 12:15:48,480 [Worker-29: Building workspace] INFO  o.e.m.c.i.embedder.EclipseLogger - Copying 1 resource
2019-09-21 12:15:48,483 [Worker-29: Building workspace] INFO  o.e.m.c.i.embedder.EclipseLogger - Using 'UTF-8' encoding to copy filtered resources.
2019-09-21 12:15:48,483 [Worker-29: Building workspace] INFO  o.e.m.c.i.embedder.EclipseLogger - skip non existing resourceDirectory D:\잡동사니\minsu\demo\src\test\resources
2019-09-21 12:16:12,348 [Worker-29: Building workspace] INFO  o.e.m.c.i.embedder.EclipseLogger - Using 'UTF-8' encoding to copy filtered resources.
2019-09-21 12:16:12,348 [Worker-29: Building workspace] INFO  o.e.m.c.i.embedder.EclipseLogger - Copying 1 resource
2019-09-21 12:16:12,350 [Worker-29: Building workspace] INFO  o.e.m.c.i.embedder.EclipseLogger - Copying 1 resource
2019-09-21 12:16:12,351 [Worker-29: Building workspace] INFO  o.e.m.c.i.embedder.EclipseLogger - Using 'UTF-8' encoding to copy filtered resources.
2019-09-21 12:16:12,351 [Worker-29: Building workspace] INFO  o.e.m.c.i.embedder.EclipseLogger - skip non existing resourceDirectory D:\잡동사니\minsu\demo\src\test\resources
2019-09-21 12:17:02,383 [Worker-40: Building workspace] INFO  o.e.m.c.i.l.LifecycleMappingFactory - Using org.eclipse.m2e.jdt.JarLifecycleMapping lifecycle mapping for MavenProject: com.minhjBitcamp:oracleTest4:0.0.1-SNAPSHOT @ D:\잡동사니\minsu\demo\pom.xml.
2019-09-21 12:17:03,429 [Worker-40: Building workspace] INFO  o.e.m.c.i.embedder.EclipseLogger - Using 'UTF-8' encoding to copy filtered resources.
2019-09-21 12:17:03,432 [Worker-40: Building workspace] INFO  o.e.m.c.i.embedder.EclipseLogger - Copying 0 resource
2019-09-21 12:17:03,433 [Worker-40: Building workspace] INFO  o.e.m.c.i.embedder.EclipseLogger - Copying 0 resource
2019-09-21 12:17:03,435 [Worker-40: Building workspace] INFO  o.e.m.c.i.embedder.EclipseLogger - Using 'UTF-8' encoding to copy filtered resources.
2019-09-21 12:17:03,435 [Worker-40: Building workspace] INFO  o.e.m.c.i.embedder.EclipseLogger - skip non existing resourceDirectory D:\잡동사니\minsu\demo\src\test\resources
2019-09-21 12:17:35,012 [Worker-38: Building workspace] INFO  o.e.m.c.i.l.LifecycleMappingFactory - Using org.eclipse.m2e.jdt.JarLifecycleMapping lifecycle mapping for MavenProject: com.minhjBitcamp:oracleTest4:0.0.1-SNAPSHOT @ D:\잡동사니\minsu\demo\pom.xml.
2019-09-21 12:17:36,091 [Worker-38: Building workspace] INFO  o.e.m.c.i.embedder.EclipseLogger - Using 'UTF-8' encoding to copy filtered resources.
2019-09-21 12:17:36,094 [Worker-38: Building workspace] INFO  o.e.m.c.i.embedder.EclipseLogger - Copying 0 resource
2019-09-21 12:17:36,094 [Worker-38: Building workspace] INFO  o.e.m.c.i.embedder.EclipseLogger - Copying 0 resource
2019-09-21 12:17:36,096 [Worker-38: Building workspace] INFO  o.e.m.c.i.embedder.EclipseLogger - Using 'UTF-8' encoding to copy filtered resources.
2019-09-21 12:17:36,096 [Worker-38: Building workspace] INFO  o.e.m.c.i.embedder.EclipseLogger - skip non existing resourceDirectory D:\잡동사니\minsu\demo\src\test\resources
2019-09-21 12:17:41,178 [Worker-36: Building workspace] INFO  o.e.m.c.i.l.LifecycleMappingFactory - Using org.eclipse.m2e.jdt.JarLifecycleMapping lifecycle mapping for MavenProject: com.minhjBitcamp:oracleTest4:0.0.1-SNAPSHOT @ D:\잡동사니\minsu\demo\pom.xml.
2019-09-21 12:17:42,232 [Worker-36: Building workspace] INFO  o.e.m.c.i.embedder.EclipseLogger - Using 'UTF-8' encoding to copy filtered resources.
2019-09-21 12:17:42,234 [Worker-36: Building workspace] INFO  o.e.m.c.i.embedder.EclipseLogger - Copying 0 resource
2019-09-21 12:17:42,235 [Worker-36: Building workspace] INFO  o.e.m.c.i.embedder.EclipseLogger - Copying 0 resource
2019-09-21 12:17:42,237 [Worker-36: Building workspace] INFO  o.e.m.c.i.embedder.EclipseLogger - Using 'UTF-8' encoding to copy filtered resources.
2019-09-21 12:17:42,237 [Worker-36: Building workspace] INFO  o.e.m.c.i.embedder.EclipseLogger - skip non existing resourceDirectory D:\잡동사니\minsu\demo\src\test\resources
2019-09-21 12:19:30,397 [Worker-27: Building workspace] INFO  o.e.m.c.i.l.LifecycleMappingFactory - Using org.eclipse.m2e.jdt.JarLifecycleMapping lifecycle mapping for MavenProject: com.minhjBitcamp:oracleTest4:0.0.1-SNAPSHOT @ D:\잡동사니\minsu\demo\pom.xml.
2019-09-21 12:19:31,054 [Worker-32: reload maven project] INFO  o.e.m.c.i.e.AbstractTransferListenerAdapter - Downloading http://code.lds.org/nexus/content/groups/main-repo/com/oracle/ojdbc6/11.2.0.1.0/ojdbc6-11.2.0.1.0.pom
2019-09-21 12:19:31,509 [Worker-27: Building workspace] INFO  o.e.m.c.i.e.AbstractTransferListenerAdapter - Downloading http://code.lds.org/nexus/content/groups/main-repo/com/oracle/ojdbc6/11.2.0.1.0/ojdbc6-11.2.0.1.0.pom
2019-09-21 12:19:31,718 [Worker-32: reload maven project] INFO  o.e.m.c.i.e.AbstractTransferListenerAdapter - Downloaded http://code.lds.org/nexus/content/groups/main-repo/com/oracle/ojdbc6/11.2.0.1.0/ojdbc6-11.2.0.1.0.pom
2019-09-21 12:19:31,923 [Worker-27: Building workspace] INFO  o.e.m.c.i.e.AbstractTransferListenerAdapter - Downloaded http://code.lds.org/nexus/content/groups/main-repo/com/oracle/ojdbc6/11.2.0.1.0/ojdbc6-11.2.0.1.0.pom
2019-09-21 12:19:32,668 [Worker-27: Building workspace] INFO  o.e.m.c.i.e.AbstractTransferListenerAdapter - Downloading http://code.lds.org/nexus/content/groups/main-repo/com/oracle/ojdbc6/11.2.0.1.0/ojdbc6-11.2.0.1.0.jar
2019-09-21 12:19:32,681 [Worker-32: reload maven project] INFO  o.e.m.c.i.e.AbstractTransferListenerAdapter - Downloading http://code.lds.org/nexus/content/groups/main-repo/com/oracle/ojdbc6/11.2.0.1.0/ojdbc6-11.2.0.1.0.jar
2019-09-21 12:19:43,385 [Worker-27: Building workspace] INFO  o.e.m.c.i.e.AbstractTransferListenerAdapter - Downloaded http://code.lds.org/nexus/content/groups/main-repo/com/oracle/ojdbc6/11.2.0.1.0/ojdbc6-11.2.0.1.0.jar
2019-09-21 12:19:43,421 [Worker-32: reload maven project] INFO  o.e.m.c.i.e.AbstractTransferListenerAdapter - Downloaded http://code.lds.org/nexus/content/groups/main-repo/com/oracle/ojdbc6/11.2.0.1.0/ojdbc6-11.2.0.1.0.jar
2019-09-21 12:19:44,416 [Worker-27: Building workspace] INFO  o.e.m.c.i.embedder.EclipseLogger - Using 'UTF-8' encoding to copy filtered resources.
2019-09-21 12:19:44,421 [Worker-27: Building workspace] INFO  o.e.m.c.i.embedder.EclipseLogger - Copying 0 resource
2019-09-21 12:19:44,422 [Worker-27: Building workspace] INFO  o.e.m.c.i.embedder.EclipseLogger - Copying 0 resource
2019-09-21 12:19:44,425 [Worker-27: Building workspace] INFO  o.e.m.c.i.embedder.EclipseLogger - Using 'UTF-8' encoding to copy filtered resources.
2019-09-21 12:19:44,425 [Worker-27: Building workspace] INFO  o.e.m.c.i.embedder.EclipseLogger - skip non existing resourceDirectory D:\잡동사니\minsu\demo\src\test\resources
2019-09-21 12:19:45,995 [Worker-36: Building workspace] INFO  o.e.m.c.i.embedder.EclipseLogger - Using 'UTF-8' encoding to copy filtered resources.
2019-09-21 12:19:45,999 [Worker-36: Building workspace] INFO  o.e.m.c.i.embedder.EclipseLogger - Copying 1 resource
2019-09-21 12:19:46,012 [Worker-36: Building workspace] INFO  o.e.m.c.i.embedder.EclipseLogger - Copying 1 resource
2019-09-21 12:19:46,019 [Worker-36: Building workspace] INFO  o.e.m.c.i.embedder.EclipseLogger - Using 'UTF-8' encoding to copy filtered resources.
2019-09-21 12:19:46,019 [Worker-36: Building workspace] INFO  o.e.m.c.i.embedder.EclipseLogger - skip non existing resourceDirectory D:\잡동사니\minsu\demo\src\test\resources
2019-09-21 12:19:46,777 [Worker-42: Download sources and javadoc] INFO  o.e.m.c.i.e.AbstractTransferListenerAdapter - Downloaded http://code.lds.org/nexus/content/groups/main-repo/com/oracle/ojdbc6/11.2.0.1.0/ojdbc6-11.2.0.1.0-sources.jar
2019-09-21 12:19:48,091 [Worker-42: Download sources and javadoc] INFO  o.e.m.c.i.e.AbstractTransferListenerAdapter - Downloading http://maven.icm.edu.pl/artifactory/repo/com/oracle/ojdbc6/11.2.0.1.0/ojdbc6-11.2.0.1.0-sources.jar
2019-09-21 12:19:48,441 [Worker-42: Download sources and javadoc] INFO  o.e.m.c.i.e.AbstractTransferListenerAdapter - Downloaded http://maven.icm.edu.pl/artifactory/repo/com/oracle/ojdbc6/11.2.0.1.0/ojdbc6-11.2.0.1.0-sources.jar
2019-09-21 12:19:48,595 [Worker-42: Download sources and javadoc] INFO  o.e.m.j.internal.DownloadSourcesJob - Downloaded sources for com.oracle:ojdbc6:11.2.0.1.0
2019-09-21 12:19:48,949 [Worker-39: Building workspace] INFO  o.e.m.c.i.embedder.EclipseLogger - Using 'UTF-8' encoding to copy filtered resources.
2019-09-21 12:19:48,949 [Worker-39: Building workspace] INFO  o.e.m.c.i.embedder.EclipseLogger - Copying 0 resource
2019-09-21 12:19:48,949 [Worker-39: Building workspace] INFO  o.e.m.c.i.embedder.EclipseLogger - Copying 0 resource
2019-09-21 12:19:48,951 [Worker-39: Building workspace] INFO  o.e.m.c.i.embedder.EclipseLogger - Using 'UTF-8' encoding to copy filtered resources.
2019-09-21 12:19:48,951 [Worker-39: Building workspace] INFO  o.e.m.c.i.embedder.EclipseLogger - skip non existing resourceDirectory D:\잡동사니\minsu\demo\src\test\resources
2019-09-21 12:21:41,327 [Worker-36: Building workspace] INFO  o.e.m.c.i.embedder.EclipseLogger - Using 'UTF-8' encoding to copy filtered resources.
2019-09-21 12:21:41,328 [Worker-36: Building workspace] INFO  o.e.m.c.i.embedder.EclipseLogger - Copying 1 resource
2019-09-21 12:21:41,331 [Worker-36: Building workspace] INFO  o.e.m.c.i.embedder.EclipseLogger - Copying 1 resource
2019-09-21 12:21:41,333 [Worker-36: Building workspace] INFO  o.e.m.c.i.embedder.EclipseLogger - Using 'UTF-8' encoding to copy filtered resources.
2019-09-21 12:21:41,334 [Worker-36: Building workspace] INFO  o.e.m.c.i.embedder.EclipseLogger - skip non existing resourceDirectory D:\잡동사니\minsu\demo\src\test\resources
2019-09-21 12:22:59,920 [Worker-36: Building workspace] INFO  o.e.m.c.i.embedder.EclipseLogger - Using 'UTF-8' encoding to copy filtered resources.
2019-09-21 12:22:59,921 [Worker-36: Building workspace] INFO  o.e.m.c.i.embedder.EclipseLogger - Copying 1 resource
2019-09-21 12:22:59,924 [Worker-36: Building workspace] INFO  o.e.m.c.i.embedder.EclipseLogger - Copying 1 resource
2019-09-21 12:22:59,926 [Worker-36: Building workspace] INFO  o.e.m.c.i.embedder.EclipseLogger - Using 'UTF-8' encoding to copy filtered resources.
2019-09-21 12:22:59,926 [Worker-36: Building workspace] INFO  o.e.m.c.i.embedder.EclipseLogger - skip non existing resourceDirectory D:\잡동사니\minsu\demo\src\test\resources
2019-09-21 12:25:32,604 [Worker-27: Building workspace] INFO  o.e.m.c.i.embedder.EclipseLogger - Using 'UTF-8' encoding to copy filtered resources.
2019-09-21 12:25:32,604 [Worker-27: Building workspace] INFO  o.e.m.c.i.embedder.EclipseLogger - Copying 0 resource
2019-09-21 12:25:32,604 [Worker-27: Building workspace] INFO  o.e.m.c.i.embedder.EclipseLogger - Copying 0 resource
2019-09-21 12:25:32,606 [Worker-27: Building workspace] INFO  o.e.m.c.i.embedder.EclipseLogger - Using 'UTF-8' encoding to copy filtered resources.
2019-09-21 12:25:32,606 [Worker-27: Building workspace] INFO  o.e.m.c.i.embedder.EclipseLogger - skip non existing resourceDirectory D:\잡동사니\minsu\demo\src\test\resources
2019-09-21 12:25:37,541 [Worker-44: Building workspace] INFO  o.e.m.c.i.embedder.EclipseLogger - Using 'UTF-8' encoding to copy filtered resources.
2019-09-21 12:25:37,541 [Worker-44: Building workspace] INFO  o.e.m.c.i.embedder.EclipseLogger - Copying 0 resource
2019-09-21 12:25:37,541 [Worker-44: Building workspace] INFO  o.e.m.c.i.embedder.EclipseLogger - Copying 0 resource
2019-09-21 12:25:37,544 [Worker-44: Building workspace] INFO  o.e.m.c.i.embedder.EclipseLogger - Using 'UTF-8' encoding to copy filtered resources.
2019-09-21 12:25:37,544 [Worker-44: Building workspace] INFO  o.e.m.c.i.embedder.EclipseLogger - skip non existing resourceDirectory D:\잡동사니\minsu\demo\src\test\resources
2019-09-21 12:25:58,398 [Worker-39: Building workspace] INFO  o.e.m.c.i.embedder.EclipseLogger - Using 'UTF-8' encoding to copy filtered resources.
2019-09-21 12:25:58,398 [Worker-39: Building workspace] INFO  o.e.m.c.i.embedder.EclipseLogger - Copying 0 resource
2019-09-21 12:25:58,399 [Worker-39: Building workspace] INFO  o.e.m.c.i.embedder.EclipseLogger - Copying 0 resource
2019-09-21 12:25:58,400 [Worker-39: Building workspace] INFO  o.e.m.c.i.embedder.EclipseLogger - Using 'UTF-8' encoding to copy filtered resources.
2019-09-21 12:25:58,401 [Worker-39: Building workspace] INFO  o.e.m.c.i.embedder.EclipseLogger - skip non existing resourceDirectory D:\잡동사니\minsu\demo\src\test\resources
2019-09-21 12:26:58,214 [Worker-45: Building workspace] INFO  o.e.m.c.i.embedder.EclipseLogger - Using 'UTF-8' encoding to copy filtered resources.
2019-09-21 12:26:58,214 [Worker-45: Building workspace] INFO  o.e.m.c.i.embedder.EclipseLogger - Copying 1 resource
2019-09-21 12:26:58,216 [Worker-45: Building workspace] INFO  o.e.m.c.i.embedder.EclipseLogger - Copying 1 resource
2019-09-21 12:26:58,218 [Worker-45: Building workspace] INFO  o.e.m.c.i.embedder.EclipseLogger - Using 'UTF-8' encoding to copy filtered resources.
2019-09-21 12:26:58,218 [Worker-45: Building workspace] INFO  o.e.m.c.i.embedder.EclipseLogger - skip non existing resourceDirectory D:\잡동사니\minsu\demo\src\test\resources
2019-09-21 12:27:09,734 [Worker-44: Building workspace] INFO  o.e.m.c.i.embedder.EclipseLogger - Using 'UTF-8' encoding to copy filtered resources.
2019-09-21 12:27:09,734 [Worker-44: Building workspace] INFO  o.e.m.c.i.embedder.EclipseLogger - Copying 0 resource
2019-09-21 12:27:09,734 [Worker-44: Building workspace] INFO  o.e.m.c.i.embedder.EclipseLogger - Copying 0 resource
2019-09-21 12:27:09,736 [Worker-44: Building workspace] INFO  o.e.m.c.i.embedder.EclipseLogger - Using 'UTF-8' encoding to copy filtered resources.
2019-09-21 12:27:09,736 [Worker-44: Building workspace] INFO  o.e.m.c.i.embedder.EclipseLogger - skip non existing resourceDirectory D:\잡동사니\minsu\demo\src\test\resources
2019-09-21 12:27:32,204 [Worker-43: Building workspace] INFO  o.e.m.c.i.embedder.EclipseLogger - Using 'UTF-8' encoding to copy filtered resources.
2019-09-21 12:27:32,204 [Worker-43: Building workspace] INFO  o.e.m.c.i.embedder.EclipseLogger - Copying 0 resource
2019-09-21 12:27:32,205 [Worker-43: Building workspace] INFO  o.e.m.c.i.embedder.EclipseLogger - Copying 0 resource
2019-09-21 12:27:32,207 [Worker-43: Building workspace] INFO  o.e.m.c.i.embedder.EclipseLogger - Using 'UTF-8' encoding to copy filtered resources.
2019-09-21 12:27:32,207 [Worker-43: Building workspace] INFO  o.e.m.c.i.embedder.EclipseLogger - skip non existing resourceDirectory D:\잡동사니\minsu\demo\src\test\resources
